SF:lib\model\flavor.dart
DA:10,4
DA:11,8
DA:13,3
DA:14,9
DA:16,16
DA:18,1
DA:19,1
DA:20,2
DA:23,4
DA:24,12
DA:25,12
DA:27,12
DA:31,1
DA:32,2
DA:33,2
LF:15
LH:15
end_of_record
SF:lib\model\persistence\persistence_mgr.dart
DA:15,5
DA:16,10
DA:22,5
DA:23,15
LF:4
LH:4
end_of_record
SF:lib\model\persistence\local_db_mgr.dart
DA:14,2
DA:15,2
DA:19,2
DA:20,2
DA:24,2
DA:26,4
DA:28,0
DA:31,0
DA:32,0
DA:33,0
DA:34,0
DA:35,0
DA:37,0
DA:48,0
DA:49,0
DA:50,0
DA:51,0
DA:58,1
DA:60,1
DA:61,0
DA:65,2
DA:67,4
DA:69,0
DA:71,0
DA:73,0
DA:75,0
DA:76,0
DA:77,0
DA:78,0
DA:82,1
DA:84,1
DA:86,0
DA:88,0
DA:90,0
DA:91,0
DA:92,0
DA:93,0
DA:99,1
DA:101,1
DA:103,0
DA:104,0
DA:106,0
DA:108,0
DA:112,1
DA:114,1
DA:116,0
DA:118,0
DA:121,0
LF:48
LH:16
end_of_record
SF:lib\model\persistence\local_file_mgr.dart
DA:19,2
DA:20,2
DA:24,5
DA:25,5
DA:29,5
DA:31,5
DA:34,1
DA:37,4
DA:39,8
DA:40,4
DA:41,4
DA:43,4
DA:46,4
DA:48,4
DA:49,0
DA:55,4
DA:57,4
DA:59,0
DA:60,0
DA:61,0
DA:62,0
DA:66,0
DA:70,1
DA:71,1
DA:73,1
DA:75,3
DA:76,2
DA:77,2
DA:82,4
DA:83,4
DA:84,4
DA:85,16
DA:86,8
DA:87,12
DA:88,8
DA:90,8
DA:94,4
DA:95,4
DA:96,4
DA:98,0
DA:99,0
DA:102,0
DA:103,0
DA:108,1
DA:109,1
DA:110,4
DA:112,3
DA:113,5
DA:119,1
DA:121,1
DA:123,5
DA:130,1
DA:132,1
DA:134,6
DA:135,1
DA:136,1
DA:140,1
DA:143,1
DA:145,1
DA:146,2
DA:147,5
DA:148,3
DA:149,1
DA:150,1
DA:154,4
DA:156,4
DA:158,24
DA:159,12
DA:160,8
DA:161,8
DA:162,4
DA:163,4
LF:72
LH:62
end_of_record
SF:lib\model\orders.dart
DA:12,1
DA:18,1
DA:19,6
DA:21,1
DA:22,2
DA:23,2
DA:25,2
DA:29,1
DA:30,1
DA:31,1
DA:32,1
DA:33,1
DA:34,3
DA:35,4
DA:38,1
DA:39,1
DA:40,1
DA:41,1
DA:42,1
DA:43,1
DA:44,2
DA:45,1
DA:46,7
LF:23
LH:23
end_of_record
SF:lib\model\persistence\remote_data_mgr.dart
DA:8,1
DA:9,2
DA:10,1
DA:12,3
DA:13,4
LF:5
LH:5
end_of_record
